{
  message: {
    host: 'localhost:3000',
    connection: 'keep-alive',
    'cache-control': 'max-age=0',
    'sec-ch-ua': '"Chromium";v="88", "Google Chrome";v="88", ";Not A Brand";v="99"',
    'sec-ch-ua-mobile': '?0',
    'upgrade-insecure-requests': '1',
    'user-agent': 'Mozilla/5.0 (Windows NT 10.0; Win64; x64) AppleWebKit/537.36 (KHTML, like Gecko) Chrome/88.0.4324.190 Safari/537.36',
    accept: 'text/html,application/xhtml+xml,application/xml;q=0.9,image/avif,image/webp,image/apng,*/*;q=0.8,application/signed-exchange;v=b3;q=0.9',
    'sec-fetch-site': 'none',
    'sec-fetch-mode': 'navigate',
    'sec-fetch-user': '?1',
    'sec-fetch-dest': 'document',
    'accept-encoding': 'gzip, deflate, br',
    'accept-language': 'vi-VN,vi;q=0.9,en-GB;q=0.8,en;q=0.7,fr-FR;q=0.6,fr;q=0.5,en-US;q=0.4',
    'if-none-match': 'W/"7-VuP7zDDZfbqIHqJxugtCOSgbdm4"'
  },
  level: 'http',
  timestamp: '2021-02-27T04:57:01.956Z'
}
{
  message: {
    host: 'localhost:3000',
    connection: 'keep-alive',
    'cache-control': 'max-age=0',
    'sec-ch-ua': '"Chromium";v="88", "Google Chrome";v="88", ";Not A Brand";v="99"',
    'sec-ch-ua-mobile': '?0',
    'upgrade-insecure-requests': '1',
    'user-agent': 'Mozilla/5.0 (Windows NT 10.0; Win64; x64) AppleWebKit/537.36 (KHTML, like Gecko) Chrome/88.0.4324.190 Safari/537.36',
    accept: 'text/html,application/xhtml+xml,application/xml;q=0.9,image/avif,image/webp,image/apng,*/*;q=0.8,application/signed-exchange;v=b3;q=0.9',
    'sec-fetch-site': 'none',
    'sec-fetch-mode': 'navigate',
    'sec-fetch-user': '?1',
    'sec-fetch-dest': 'document',
    'accept-encoding': 'gzip, deflate, br',
    'accept-language': 'vi-VN,vi;q=0.9,en-GB;q=0.8,en;q=0.7,fr-FR;q=0.6,fr;q=0.5,en-US;q=0.4',
    'if-none-match': 'W/"7-VuP7zDDZfbqIHqJxugtCOSgbdm4"'
  },
  level: 'http',
  timestamp: '2021-02-27T04:57:02.080Z'
}
{
  message: {
    host: 'localhost:3000',
    connection: 'keep-alive',
    'cache-control': 'max-age=0',
    'sec-ch-ua': '"Chromium";v="88", "Google Chrome";v="88", ";Not A Brand";v="99"',
    'sec-ch-ua-mobile': '?0',
    'upgrade-insecure-requests': '1',
    'user-agent': 'Mozilla/5.0 (Windows NT 10.0; Win64; x64) AppleWebKit/537.36 (KHTML, like Gecko) Chrome/88.0.4324.190 Safari/537.36',
    accept: 'text/html,application/xhtml+xml,application/xml;q=0.9,image/avif,image/webp,image/apng,*/*;q=0.8,application/signed-exchange;v=b3;q=0.9',
    'sec-fetch-site': 'none',
    'sec-fetch-mode': 'navigate',
    'sec-fetch-user': '?1',
    'sec-fetch-dest': 'document',
    'accept-encoding': 'gzip, deflate, br',
    'accept-language': 'vi-VN,vi;q=0.9,en-GB;q=0.8,en;q=0.7,fr-FR;q=0.6,fr;q=0.5,en-US;q=0.4',
    'if-none-match': 'W/"7-VuP7zDDZfbqIHqJxugtCOSgbdm4"'
  },
  level: 'http',
  timestamp: '2021-02-27T04:57:02.248Z'
}
{
  message: {
    host: 'localhost:3000',
    connection: 'keep-alive',
    'cache-control': 'max-age=0',
    'sec-ch-ua': '"Chromium";v="88", "Google Chrome";v="88", ";Not A Brand";v="99"',
    'sec-ch-ua-mobile': '?0',
    'upgrade-insecure-requests': '1',
    'user-agent': 'Mozilla/5.0 (Windows NT 10.0; Win64; x64) AppleWebKit/537.36 (KHTML, like Gecko) Chrome/88.0.4324.190 Safari/537.36',
    accept: 'text/html,application/xhtml+xml,application/xml;q=0.9,image/avif,image/webp,image/apng,*/*;q=0.8,application/signed-exchange;v=b3;q=0.9',
    'sec-fetch-site': 'none',
    'sec-fetch-mode': 'navigate',
    'sec-fetch-user': '?1',
    'sec-fetch-dest': 'document',
    'accept-encoding': 'gzip, deflate, br',
    'accept-language': 'vi-VN,vi;q=0.9,en-GB;q=0.8,en;q=0.7,fr-FR;q=0.6,fr;q=0.5,en-US;q=0.4',
    'if-none-match': 'W/"7-VuP7zDDZfbqIHqJxugtCOSgbdm4"'
  },
  level: 'http',
  timestamp: '2021-02-27T04:57:02.401Z'
}
{
  message: {
    host: 'localhost:3000',
    connection: 'keep-alive',
    'cache-control': 'max-age=0',
    'sec-ch-ua': '"Chromium";v="88", "Google Chrome";v="88", ";Not A Brand";v="99"',
    'sec-ch-ua-mobile': '?0',
    'upgrade-insecure-requests': '1',
    'user-agent': 'Mozilla/5.0 (Windows NT 10.0; Win64; x64) AppleWebKit/537.36 (KHTML, like Gecko) Chrome/88.0.4324.190 Safari/537.36',
    accept: 'text/html,application/xhtml+xml,application/xml;q=0.9,image/avif,image/webp,image/apng,*/*;q=0.8,application/signed-exchange;v=b3;q=0.9',
    'sec-fetch-site': 'none',
    'sec-fetch-mode': 'navigate',
    'sec-fetch-user': '?1',
    'sec-fetch-dest': 'document',
    'accept-encoding': 'gzip, deflate, br',
    'accept-language': 'vi-VN,vi;q=0.9,en-GB;q=0.8,en;q=0.7,fr-FR;q=0.6,fr;q=0.5,en-US;q=0.4',
    'if-none-match': 'W/"7-VuP7zDDZfbqIHqJxugtCOSgbdm4"'
  },
  level: 'http',
  timestamp: '2021-02-27T04:57:02.544Z'
}
{
  message: {
    host: 'localhost:3000',
    connection: 'keep-alive',
    'cache-control': 'max-age=0',
    'sec-ch-ua': '"Chromium";v="88", "Google Chrome";v="88", ";Not A Brand";v="99"',
    'sec-ch-ua-mobile': '?0',
    'upgrade-insecure-requests': '1',
    'user-agent': 'Mozilla/5.0 (Windows NT 10.0; Win64; x64) AppleWebKit/537.36 (KHTML, like Gecko) Chrome/88.0.4324.190 Safari/537.36',
    accept: 'text/html,application/xhtml+xml,application/xml;q=0.9,image/avif,image/webp,image/apng,*/*;q=0.8,application/signed-exchange;v=b3;q=0.9',
    'sec-fetch-site': 'none',
    'sec-fetch-mode': 'navigate',
    'sec-fetch-user': '?1',
    'sec-fetch-dest': 'document',
    'accept-encoding': 'gzip, deflate, br',
    'accept-language': 'vi-VN,vi;q=0.9,en-GB;q=0.8,en;q=0.7,fr-FR;q=0.6,fr;q=0.5,en-US;q=0.4',
    'if-none-match': 'W/"7-VuP7zDDZfbqIHqJxugtCOSgbdm4"'
  },
  level: 'http',
  timestamp: '2021-02-27T05:09:06.543Z'
}
{
  message: {
    host: 'localhost:3000',
    connection: 'keep-alive',
    'cache-control': 'max-age=0',
    'sec-ch-ua': '"Chromium";v="88", "Google Chrome";v="88", ";Not A Brand";v="99"',
    'sec-ch-ua-mobile': '?0',
    'upgrade-insecure-requests': '1',
    'user-agent': 'Mozilla/5.0 (Windows NT 10.0; Win64; x64) AppleWebKit/537.36 (KHTML, like Gecko) Chrome/88.0.4324.190 Safari/537.36',
    accept: 'text/html,application/xhtml+xml,application/xml;q=0.9,image/avif,image/webp,image/apng,*/*;q=0.8,application/signed-exchange;v=b3;q=0.9',
    'sec-fetch-site': 'none',
    'sec-fetch-mode': 'navigate',
    'sec-fetch-user': '?1',
    'sec-fetch-dest': 'document',
    'accept-encoding': 'gzip, deflate, br',
    'accept-language': 'vi-VN,vi;q=0.9,en-GB;q=0.8,en;q=0.7,fr-FR;q=0.6,fr;q=0.5,en-US;q=0.4',
    'if-none-match': 'W/"7-VuP7zDDZfbqIHqJxugtCOSgbdm4"'
  },
  level: 'http',
  timestamp: '2021-02-27T05:09:09.380Z'
}
{
  message: {
    host: 'localhost:3000',
    connection: 'keep-alive',
    'cache-control': 'max-age=0',
    'sec-ch-ua': '"Chromium";v="88", "Google Chrome";v="88", ";Not A Brand";v="99"',
    'sec-ch-ua-mobile': '?0',
    'upgrade-insecure-requests': '1',
    'user-agent': 'Mozilla/5.0 (Windows NT 10.0; Win64; x64) AppleWebKit/537.36 (KHTML, like Gecko) Chrome/88.0.4324.190 Safari/537.36',
    accept: 'text/html,application/xhtml+xml,application/xml;q=0.9,image/avif,image/webp,image/apng,*/*;q=0.8,application/signed-exchange;v=b3;q=0.9',
    'sec-fetch-site': 'none',
    'sec-fetch-mode': 'navigate',
    'sec-fetch-user': '?1',
    'sec-fetch-dest': 'document',
    'accept-encoding': 'gzip, deflate, br',
    'accept-language': 'vi-VN,vi;q=0.9,en-GB;q=0.8,en;q=0.7,fr-FR;q=0.6,fr;q=0.5,en-US;q=0.4',
    'if-none-match': 'W/"7-VuP7zDDZfbqIHqJxugtCOSgbdm4"'
  },
  level: 'http',
  timestamp: '2021-02-27T05:09:09.547Z'
}
{
  message: {
    host: 'localhost:3000',
    connection: 'keep-alive',
    'cache-control': 'max-age=0',
    'sec-ch-ua': '"Chromium";v="88", "Google Chrome";v="88", ";Not A Brand";v="99"',
    'sec-ch-ua-mobile': '?0',
    'upgrade-insecure-requests': '1',
    'user-agent': 'Mozilla/5.0 (Windows NT 10.0; Win64; x64) AppleWebKit/537.36 (KHTML, like Gecko) Chrome/88.0.4324.190 Safari/537.36',
    accept: 'text/html,application/xhtml+xml,application/xml;q=0.9,image/avif,image/webp,image/apng,*/*;q=0.8,application/signed-exchange;v=b3;q=0.9',
    'sec-fetch-site': 'none',
    'sec-fetch-mode': 'navigate',
    'sec-fetch-user': '?1',
    'sec-fetch-dest': 'document',
    'accept-encoding': 'gzip, deflate, br',
    'accept-language': 'vi-VN,vi;q=0.9,en-GB;q=0.8,en;q=0.7,fr-FR;q=0.6,fr;q=0.5,en-US;q=0.4',
    'if-none-match': 'W/"7-VuP7zDDZfbqIHqJxugtCOSgbdm4"'
  },
  level: 'http',
  timestamp: '2021-02-27T05:13:41.438Z'
}
{
  message: 'xxxx',
  level: 'info',
  timestamp: '2021-02-27T05:14:12.868Z'
}
{
  message: 'xxxx',
  level: 'http',
  timestamp: '2021-02-27T05:14:29.013Z'
}
{
  message: 'xxxx',
  level: 'http',
  timestamp: '2021-02-27T05:19:32.851Z'
}
{
  message: 'xxxx',
  level: 'info',
  timestamp: '2021-02-27T05:21:35.808Z'
}
{
  message: 'xxxx',
  level: 'error',
  timestamp: '2021-02-27T05:21:35.826Z'
}
{
  message: 'xxxx',
  level: 'http',
  timestamp: '2021-02-27T05:21:35.826Z'
}
